07-06 10:58:14 com_github_MitjaNemec_Archive3DModels.action_archive_3d_models 238:Plugin executed on: 'win32'
07-06 10:58:14 com_github_MitjaNemec_Archive3DModels.action_archive_3d_models 239:Plugin executed with python version: '3.11.5 (main, Jan 27 2025, 07:08:36) [MSC v.1942 64 bit (AMD64)]'
07-06 10:58:14 com_github_MitjaNemec_Archive3DModels.action_archive_3d_models 240:KiCad build version: 9.0.2
07-06 10:58:14 com_github_MitjaNemec_Archive3DModels.action_archive_3d_models 241:Plugin version: 1.0.15
07-06 10:58:14 com_github_MitjaNemec_Archive3DModels.action_archive_3d_models 246:Screen sizes: [wx.Size(2560, 1440)]
07-06 10:58:14 com_github_MitjaNemec_Archive3DModels.action_archive_3d_models 253:Dialog size: wx.Size(213, 81)
07-06 10:58:14 com_github_MitjaNemec_Archive3DModels.action_archive_3d_models 255:Char size: 15
07-06 10:58:49 com_github_MitjaNemec_Archive3DModels.archive_3d_models 30:Starting to archive 3D models
07-06 10:58:49 com_github_MitjaNemec_Archive3DModels.archive_3d_models 51:Getting 3D models for footprint of: R11
07-06 10:58:49 com_github_MitjaNemec_Archive3DModels.archive_3d_models 63:Trying to copy: ${KICAD9_3DMODEL_DIR}/Resistor_SMD.3dshapes/R_0402_1005Metric.wrl
07-06 10:58:49 com_github_MitjaNemec_Archive3DModels.archive_3d_models 150:Remapping: ${KICAD9_3DMODEL_DIR}/Resistor_SMD.3dshapes/R_0402_1005Metric.wrl
07-06 10:58:49 com_github_MitjaNemec_Archive3DModels.archive_3d_models 51:Getting 3D models for footprint of: R1
07-06 10:58:49 com_github_MitjaNemec_Archive3DModels.archive_3d_models 63:Trying to copy: ${KICAD9_3DMODEL_DIR}/Resistor_SMD.3dshapes/R_0402_1005Metric.wrl
07-06 10:58:49 com_github_MitjaNemec_Archive3DModels.archive_3d_models 150:Remapping: ${KICAD9_3DMODEL_DIR}/Resistor_SMD.3dshapes/R_0402_1005Metric.wrl
07-06 10:58:49 com_github_MitjaNemec_Archive3DModels.archive_3d_models 51:Getting 3D models for footprint of: U3
07-06 10:58:49 com_github_MitjaNemec_Archive3DModels.archive_3d_models 63:Trying to copy: ${DW_LIBRARIES}/3D_Semiconductors/DQN0004A.stp
07-06 10:58:49 com_github_MitjaNemec_Archive3DModels.archive_3d_models 150:Remapping: ${DW_LIBRARIES}/3D_Semiconductors/DQN0004A.stp
07-06 10:58:49 com_github_MitjaNemec_Archive3DModels.archive_3d_models 51:Getting 3D models for footprint of: C14
07-06 10:58:49 com_github_MitjaNemec_Archive3DModels.archive_3d_models 63:Trying to copy: ${KICAD9_3DMODEL_DIR}/Capacitor_SMD.3dshapes/C_0603_1608Metric.wrl
07-06 10:58:49 com_github_MitjaNemec_Archive3DModels.archive_3d_models 150:Remapping: ${KICAD9_3DMODEL_DIR}/Capacitor_SMD.3dshapes/C_0603_1608Metric.wrl
07-06 10:58:49 com_github_MitjaNemec_Archive3DModels.archive_3d_models 51:Getting 3D models for footprint of: J6
07-06 10:58:49 com_github_MitjaNemec_Archive3DModels.archive_3d_models 63:Trying to copy: ${DW_LIBRARIES}/3D_Connectors/USB1035-GF-P-0-B-B.stp
07-06 10:58:49 com_github_MitjaNemec_Archive3DModels.archive_3d_models 150:Remapping: ${DW_LIBRARIES}/3D_Connectors/USB1035-GF-P-0-B-B.stp
07-06 10:58:49 com_github_MitjaNemec_Archive3DModels.archive_3d_models 51:Getting 3D models for footprint of: J4
07-06 10:58:49 com_github_MitjaNemec_Archive3DModels.archive_3d_models 63:Trying to copy: ${DW_LIBRARIES}/3D_Connectors/USB1030-GF-P-B-B.stp
07-06 10:58:49 com_github_MitjaNemec_Archive3DModels.archive_3d_models 150:Remapping: ${DW_LIBRARIES}/3D_Connectors/USB1030-GF-P-B-B.stp
07-06 10:58:49 com_github_MitjaNemec_Archive3DModels.archive_3d_models 51:Getting 3D models for footprint of: C10
07-06 10:58:49 com_github_MitjaNemec_Archive3DModels.archive_3d_models 63:Trying to copy: ${KICAD9_3DMODEL_DIR}/Capacitor_SMD.3dshapes/C_1210_3225Metric.wrl
07-06 10:58:49 com_github_MitjaNemec_Archive3DModels.archive_3d_models 150:Remapping: ${KICAD9_3DMODEL_DIR}/Capacitor_SMD.3dshapes/C_1210_3225Metric.wrl
07-06 10:58:49 com_github_MitjaNemec_Archive3DModels.archive_3d_models 51:Getting 3D models for footprint of: C20
07-06 10:58:49 com_github_MitjaNemec_Archive3DModels.archive_3d_models 63:Trying to copy: ${KICAD9_3DMODEL_DIR}/Capacitor_SMD.3dshapes/C_0402_1005Metric.wrl
07-06 10:58:49 com_github_MitjaNemec_Archive3DModels.archive_3d_models 150:Remapping: ${KICAD9_3DMODEL_DIR}/Capacitor_SMD.3dshapes/C_0402_1005Metric.wrl
07-06 10:58:49 com_github_MitjaNemec_Archive3DModels.archive_3d_models 51:Getting 3D models for footprint of: H4
07-06 10:58:49 com_github_MitjaNemec_Archive3DModels.archive_3d_models 51:Getting 3D models for footprint of: R14
07-06 10:58:49 com_github_MitjaNemec_Archive3DModels.archive_3d_models 63:Trying to copy: ${KICAD9_3DMODEL_DIR}/Resistor_SMD.3dshapes/R_0402_1005Metric.wrl
07-06 10:58:50 com_github_MitjaNemec_Archive3DModels.archive_3d_models 150:Remapping: ${KICAD9_3DMODEL_DIR}/Resistor_SMD.3dshapes/R_0402_1005Metric.wrl
07-06 10:58:50 com_github_MitjaNemec_Archive3DModels.archive_3d_models 51:Getting 3D models for footprint of: C32
07-06 10:58:50 com_github_MitjaNemec_Archive3DModels.archive_3d_models 63:Trying to copy: ${KICAD9_3DMODEL_DIR}/Capacitor_SMD.3dshapes/C_0402_1005Metric.wrl
07-06 10:58:50 com_github_MitjaNemec_Archive3DModels.archive_3d_models 150:Remapping: ${KICAD9_3DMODEL_DIR}/Capacitor_SMD.3dshapes/C_0402_1005Metric.wrl
07-06 10:58:50 com_github_MitjaNemec_Archive3DModels.archive_3d_models 51:Getting 3D models for footprint of: R6
07-06 10:58:50 com_github_MitjaNemec_Archive3DModels.archive_3d_models 63:Trying to copy: ${KICAD9_3DMODEL_DIR}/Resistor_SMD.3dshapes/R_0402_1005Metric.wrl
07-06 10:58:50 com_github_MitjaNemec_Archive3DModels.archive_3d_models 150:Remapping: ${KICAD9_3DMODEL_DIR}/Resistor_SMD.3dshapes/R_0402_1005Metric.wrl
07-06 10:58:50 com_github_MitjaNemec_Archive3DModels.archive_3d_models 51:Getting 3D models for footprint of: R2
07-06 10:58:50 com_github_MitjaNemec_Archive3DModels.archive_3d_models 63:Trying to copy: ${KICAD9_3DMODEL_DIR}/Resistor_SMD.3dshapes/R_0402_1005Metric.wrl
07-06 10:58:50 com_github_MitjaNemec_Archive3DModels.archive_3d_models 150:Remapping: ${KICAD9_3DMODEL_DIR}/Resistor_SMD.3dshapes/R_0402_1005Metric.wrl
07-06 10:58:50 com_github_MitjaNemec_Archive3DModels.archive_3d_models 51:Getting 3D models for footprint of: R10
07-06 10:58:50 com_github_MitjaNemec_Archive3DModels.archive_3d_models 63:Trying to copy: ${KICAD9_3DMODEL_DIR}/Resistor_SMD.3dshapes/R_0402_1005Metric.wrl
07-06 10:58:50 com_github_MitjaNemec_Archive3DModels.archive_3d_models 150:Remapping: ${KICAD9_3DMODEL_DIR}/Resistor_SMD.3dshapes/R_0402_1005Metric.wrl
07-06 10:58:50 com_github_MitjaNemec_Archive3DModels.archive_3d_models 51:Getting 3D models for footprint of: H1
07-06 10:58:50 com_github_MitjaNemec_Archive3DModels.archive_3d_models 51:Getting 3D models for footprint of: C5
07-06 10:58:50 com_github_MitjaNemec_Archive3DModels.archive_3d_models 63:Trying to copy: ${KICAD9_3DMODEL_DIR}/Capacitor_SMD.3dshapes/C_0402_1005Metric.wrl
07-06 10:58:50 com_github_MitjaNemec_Archive3DModels.archive_3d_models 150:Remapping: ${KICAD9_3DMODEL_DIR}/Capacitor_SMD.3dshapes/C_0402_1005Metric.wrl
07-06 10:58:50 com_github_MitjaNemec_Archive3DModels.archive_3d_models 51:Getting 3D models for footprint of: U7
07-06 10:58:50 com_github_MitjaNemec_Archive3DModels.archive_3d_models 63:Trying to copy: ${DW_LIBRARIES}/3D_Semiconductors/CAT24C32HU4I-GT3.stp
07-06 10:58:50 com_github_MitjaNemec_Archive3DModels.archive_3d_models 150:Remapping: ${DW_LIBRARIES}/3D_Semiconductors/CAT24C32HU4I-GT3.stp
07-06 10:58:50 com_github_MitjaNemec_Archive3DModels.archive_3d_models 51:Getting 3D models for footprint of: C9
07-06 10:58:50 com_github_MitjaNemec_Archive3DModels.archive_3d_models 63:Trying to copy: ${KICAD9_3DMODEL_DIR}/Capacitor_SMD.3dshapes/C_0402_1005Metric.wrl
07-06 10:58:50 com_github_MitjaNemec_Archive3DModels.archive_3d_models 150:Remapping: ${KICAD9_3DMODEL_DIR}/Capacitor_SMD.3dshapes/C_0402_1005Metric.wrl
07-06 10:58:50 com_github_MitjaNemec_Archive3DModels.archive_3d_models 51:Getting 3D models for footprint of: C31
07-06 10:58:50 com_github_MitjaNemec_Archive3DModels.archive_3d_models 63:Trying to copy: ${KICAD9_3DMODEL_DIR}/Capacitor_SMD.3dshapes/C_0402_1005Metric.wrl
07-06 10:58:50 com_github_MitjaNemec_Archive3DModels.archive_3d_models 150:Remapping: ${KICAD9_3DMODEL_DIR}/Capacitor_SMD.3dshapes/C_0402_1005Metric.wrl
07-06 10:58:50 com_github_MitjaNemec_Archive3DModels.archive_3d_models 51:Getting 3D models for footprint of: R15
07-06 10:58:50 com_github_MitjaNemec_Archive3DModels.archive_3d_models 63:Trying to copy: ${KICAD9_3DMODEL_DIR}/Resistor_SMD.3dshapes/R_0402_1005Metric.wrl
07-06 10:58:50 com_github_MitjaNemec_Archive3DModels.archive_3d_models 150:Remapping: ${KICAD9_3DMODEL_DIR}/Resistor_SMD.3dshapes/R_0402_1005Metric.wrl
07-06 10:58:50 com_github_MitjaNemec_Archive3DModels.archive_3d_models 51:Getting 3D models for footprint of: F1
07-06 10:58:50 com_github_MitjaNemec_Archive3DModels.archive_3d_models 63:Trying to copy: ${DW_LIBRARIES}/3D_CircuitProtection/1812L110_33MR.stp
07-06 10:58:50 com_github_MitjaNemec_Archive3DModels.archive_3d_models 150:Remapping: ${DW_LIBRARIES}/3D_CircuitProtection/1812L110_33MR.stp
07-06 10:58:50 com_github_MitjaNemec_Archive3DModels.archive_3d_models 51:Getting 3D models for footprint of: C12
07-06 10:58:50 com_github_MitjaNemec_Archive3DModels.archive_3d_models 63:Trying to copy: ${KICAD9_3DMODEL_DIR}/Capacitor_SMD.3dshapes/C_0402_1005Metric.wrl
07-06 10:58:50 com_github_MitjaNemec_Archive3DModels.archive_3d_models 150:Remapping: ${KICAD9_3DMODEL_DIR}/Capacitor_SMD.3dshapes/C_0402_1005Metric.wrl
07-06 10:58:50 com_github_MitjaNemec_Archive3DModels.archive_3d_models 51:Getting 3D models for footprint of: C34
07-06 10:58:50 com_github_MitjaNemec_Archive3DModels.archive_3d_models 63:Trying to copy: ${KICAD9_3DMODEL_DIR}/Capacitor_SMD.3dshapes/C_0402_1005Metric.wrl
07-06 10:58:50 com_github_MitjaNemec_Archive3DModels.archive_3d_models 150:Remapping: ${KICAD9_3DMODEL_DIR}/Capacitor_SMD.3dshapes/C_0402_1005Metric.wrl
07-06 10:58:50 com_github_MitjaNemec_Archive3DModels.archive_3d_models 51:Getting 3D models for footprint of: R16
07-06 10:58:50 com_github_MitjaNemec_Archive3DModels.archive_3d_models 63:Trying to copy: ${KICAD9_3DMODEL_DIR}/Resistor_SMD.3dshapes/R_0402_1005Metric.wrl
07-06 10:58:50 com_github_MitjaNemec_Archive3DModels.archive_3d_models 150:Remapping: ${KICAD9_3DMODEL_DIR}/Resistor_SMD.3dshapes/R_0402_1005Metric.wrl
07-06 10:58:50 com_github_MitjaNemec_Archive3DModels.archive_3d_models 51:Getting 3D models for footprint of: C36
07-06 10:58:50 com_github_MitjaNemec_Archive3DModels.archive_3d_models 63:Trying to copy: ${KICAD9_3DMODEL_DIR}/Capacitor_SMD.3dshapes/C_0603_1608Metric.wrl
07-06 10:58:50 com_github_MitjaNemec_Archive3DModels.archive_3d_models 150:Remapping: ${KICAD9_3DMODEL_DIR}/Capacitor_SMD.3dshapes/C_0603_1608Metric.wrl
07-06 10:58:50 com_github_MitjaNemec_Archive3DModels.archive_3d_models 51:Getting 3D models for footprint of: C18
07-06 10:58:50 com_github_MitjaNemec_Archive3DModels.archive_3d_models 63:Trying to copy: ${KICAD9_3DMODEL_DIR}/Capacitor_SMD.3dshapes/C_0402_1005Metric.wrl
07-06 10:58:50 com_github_MitjaNemec_Archive3DModels.archive_3d_models 150:Remapping: ${KICAD9_3DMODEL_DIR}/Capacitor_SMD.3dshapes/C_0402_1005Metric.wrl
07-06 10:58:50 com_github_MitjaNemec_Archive3DModels.archive_3d_models 51:Getting 3D models for footprint of: U9
07-06 10:58:50 com_github_MitjaNemec_Archive3DModels.archive_3d_models 63:Trying to copy: ${DW_LIBRARIES}/3D_Semiconductors/USBLC6-2P6.stp
07-06 10:58:50 com_github_MitjaNemec_Archive3DModels.archive_3d_models 150:Remapping: ${DW_LIBRARIES}/3D_Semiconductors/USBLC6-2P6.stp
07-06 10:58:50 com_github_MitjaNemec_Archive3DModels.archive_3d_models 51:Getting 3D models for footprint of: R9
07-06 10:58:50 com_github_MitjaNemec_Archive3DModels.archive_3d_models 63:Trying to copy: ${KICAD9_3DMODEL_DIR}/Resistor_SMD.3dshapes/R_0402_1005Metric.wrl
07-06 10:58:51 com_github_MitjaNemec_Archive3DModels.archive_3d_models 150:Remapping: ${KICAD9_3DMODEL_DIR}/Resistor_SMD.3dshapes/R_0402_1005Metric.wrl
07-06 10:58:51 com_github_MitjaNemec_Archive3DModels.archive_3d_models 51:Getting 3D models for footprint of: R18
07-06 10:58:51 com_github_MitjaNemec_Archive3DModels.archive_3d_models 63:Trying to copy: ${KICAD9_3DMODEL_DIR}/Resistor_SMD.3dshapes/R_0402_1005Metric.wrl
07-06 10:58:51 com_github_MitjaNemec_Archive3DModels.archive_3d_models 150:Remapping: ${KICAD9_3DMODEL_DIR}/Resistor_SMD.3dshapes/R_0402_1005Metric.wrl
07-06 10:58:51 com_github_MitjaNemec_Archive3DModels.archive_3d_models 51:Getting 3D models for footprint of: U6
07-06 10:58:51 com_github_MitjaNemec_Archive3DModels.archive_3d_models 63:Trying to copy: ${DW_LIBRARIES}/3D_Semiconductors/TPS2561DRCR.stp
07-06 10:58:51 com_github_MitjaNemec_Archive3DModels.archive_3d_models 150:Remapping: ${DW_LIBRARIES}/3D_Semiconductors/TPS2561DRCR.stp
07-06 10:58:51 com_github_MitjaNemec_Archive3DModels.archive_3d_models 51:Getting 3D models for footprint of: C33
07-06 10:58:51 com_github_MitjaNemec_Archive3DModels.archive_3d_models 63:Trying to copy: ${KICAD9_3DMODEL_DIR}/Capacitor_SMD.3dshapes/C_0402_1005Metric.wrl
07-06 10:58:51 com_github_MitjaNemec_Archive3DModels.archive_3d_models 150:Remapping: ${KICAD9_3DMODEL_DIR}/Capacitor_SMD.3dshapes/C_0402_1005Metric.wrl
07-06 10:58:51 com_github_MitjaNemec_Archive3DModels.archive_3d_models 51:Getting 3D models for footprint of: C46
07-06 10:58:51 com_github_MitjaNemec_Archive3DModels.archive_3d_models 63:Trying to copy: ${DW_LIBRARIES}/3D_Passives/TCJB157M006R0070.stp
07-06 10:58:51 com_github_MitjaNemec_Archive3DModels.archive_3d_models 150:Remapping: ${DW_LIBRARIES}/3D_Passives/TCJB157M006R0070.stp
07-06 10:58:51 com_github_MitjaNemec_Archive3DModels.archive_3d_models 51:Getting 3D models for footprint of: R3
07-06 10:58:51 com_github_MitjaNemec_Archive3DModels.archive_3d_models 63:Trying to copy: ${KICAD9_3DMODEL_DIR}/Resistor_SMD.3dshapes/R_0402_1005Metric.wrl
07-06 10:58:51 com_github_MitjaNemec_Archive3DModels.archive_3d_models 150:Remapping: ${KICAD9_3DMODEL_DIR}/Resistor_SMD.3dshapes/R_0402_1005Metric.wrl
07-06 10:58:51 com_github_MitjaNemec_Archive3DModels.archive_3d_models 51:Getting 3D models for footprint of: R7
07-06 10:58:51 com_github_MitjaNemec_Archive3DModels.archive_3d_models 63:Trying to copy: ${KICAD9_3DMODEL_DIR}/Resistor_SMD.3dshapes/R_0402_1005Metric.wrl
07-06 10:58:51 com_github_MitjaNemec_Archive3DModels.archive_3d_models 150:Remapping: ${KICAD9_3DMODEL_DIR}/Resistor_SMD.3dshapes/R_0402_1005Metric.wrl
07-06 10:58:51 com_github_MitjaNemec_Archive3DModels.archive_3d_models 51:Getting 3D models for footprint of: C26
07-06 10:58:51 com_github_MitjaNemec_Archive3DModels.archive_3d_models 63:Trying to copy: ${KICAD9_3DMODEL_DIR}/Capacitor_SMD.3dshapes/C_0402_1005Metric.wrl
07-06 10:58:51 com_github_MitjaNemec_Archive3DModels.archive_3d_models 150:Remapping: ${KICAD9_3DMODEL_DIR}/Capacitor_SMD.3dshapes/C_0402_1005Metric.wrl
07-06 10:58:51 com_github_MitjaNemec_Archive3DModels.archive_3d_models 51:Getting 3D models for footprint of: U11
07-06 10:58:51 com_github_MitjaNemec_Archive3DModels.archive_3d_models 63:Trying to copy: ${DW_LIBRARIES}/3D_Semiconductors/USBLC6-2P6.stp
07-06 10:58:51 com_github_MitjaNemec_Archive3DModels.archive_3d_models 150:Remapping: ${DW_LIBRARIES}/3D_Semiconductors/USBLC6-2P6.stp
07-06 10:58:51 com_github_MitjaNemec_Archive3DModels.archive_3d_models 51:Getting 3D models for footprint of: FB1
07-06 10:58:51 com_github_MitjaNemec_Archive3DModels.archive_3d_models 63:Trying to copy: ${DW_LIBRARIES}/3D_Passives/BLM15PX221SZ1D.stp
07-06 10:58:51 com_github_MitjaNemec_Archive3DModels.archive_3d_models 150:Remapping: ${DW_LIBRARIES}/3D_Passives/BLM15PX221SZ1D.stp
07-06 10:58:51 com_github_MitjaNemec_Archive3DModels.archive_3d_models 51:Getting 3D models for footprint of: U2
07-06 10:58:51 com_github_MitjaNemec_Archive3DModels.archive_3d_models 63:Trying to copy: ${DW_LIBRARIES}/3D_Semiconductors/DQN0004A.stp
07-06 10:58:51 com_github_MitjaNemec_Archive3DModels.archive_3d_models 150:Remapping: ${DW_LIBRARIES}/3D_Semiconductors/DQN0004A.stp
07-06 10:58:51 com_github_MitjaNemec_Archive3DModels.archive_3d_models 51:Getting 3D models for footprint of: C19
07-06 10:58:51 com_github_MitjaNemec_Archive3DModels.archive_3d_models 63:Trying to copy: ${KICAD9_3DMODEL_DIR}/Capacitor_SMD.3dshapes/C_0402_1005Metric.wrl
07-06 10:58:51 com_github_MitjaNemec_Archive3DModels.archive_3d_models 150:Remapping: ${KICAD9_3DMODEL_DIR}/Capacitor_SMD.3dshapes/C_0402_1005Metric.wrl
07-06 10:58:51 com_github_MitjaNemec_Archive3DModels.archive_3d_models 51:Getting 3D models for footprint of: C3
07-06 10:58:51 com_github_MitjaNemec_Archive3DModels.archive_3d_models 63:Trying to copy: ${KICAD9_3DMODEL_DIR}/Capacitor_SMD.3dshapes/C_1210_3225Metric.wrl
07-06 10:58:51 com_github_MitjaNemec_Archive3DModels.archive_3d_models 150:Remapping: ${KICAD9_3DMODEL_DIR}/Capacitor_SMD.3dshapes/C_1210_3225Metric.wrl
07-06 10:58:51 com_github_MitjaNemec_Archive3DModels.archive_3d_models 51:Getting 3D models for footprint of: D1
07-06 10:58:51 com_github_MitjaNemec_Archive3DModels.archive_3d_models 63:Trying to copy: ${DW_LIBRARIES}/3D_Semiconductors/PDZ10B,115.stp
07-06 10:58:51 com_github_MitjaNemec_Archive3DModels.archive_3d_models 150:Remapping: ${DW_LIBRARIES}/3D_Semiconductors/PDZ10B,115.stp
07-06 10:58:51 com_github_MitjaNemec_Archive3DModels.archive_3d_models 51:Getting 3D models for footprint of: C11
07-06 10:58:51 com_github_MitjaNemec_Archive3DModels.archive_3d_models 63:Trying to copy: ${KICAD9_3DMODEL_DIR}/Capacitor_SMD.3dshapes/C_1210_3225Metric.wrl
07-06 10:58:51 com_github_MitjaNemec_Archive3DModels.archive_3d_models 150:Remapping: ${KICAD9_3DMODEL_DIR}/Capacitor_SMD.3dshapes/C_1210_3225Metric.wrl
07-06 10:58:51 com_github_MitjaNemec_Archive3DModels.archive_3d_models 51:Getting 3D models for footprint of: C23
07-06 10:58:51 com_github_MitjaNemec_Archive3DModels.archive_3d_models 63:Trying to copy: ${KICAD9_3DMODEL_DIR}/Capacitor_SMD.3dshapes/C_0402_1005Metric.wrl
07-06 10:58:51 com_github_MitjaNemec_Archive3DModels.archive_3d_models 150:Remapping: ${KICAD9_3DMODEL_DIR}/Capacitor_SMD.3dshapes/C_0402_1005Metric.wrl
07-06 10:58:51 com_github_MitjaNemec_Archive3DModels.archive_3d_models 51:Getting 3D models for footprint of: C6
07-06 10:58:51 com_github_MitjaNemec_Archive3DModels.archive_3d_models 63:Trying to copy: ${KICAD9_3DMODEL_DIR}/Capacitor_SMD.3dshapes/C_0402_1005Metric.wrl
07-06 10:58:51 com_github_MitjaNemec_Archive3DModels.archive_3d_models 150:Remapping: ${KICAD9_3DMODEL_DIR}/Capacitor_SMD.3dshapes/C_0402_1005Metric.wrl
07-06 10:58:51 com_github_MitjaNemec_Archive3DModels.archive_3d_models 51:Getting 3D models for footprint of: J5
07-06 10:58:51 com_github_MitjaNemec_Archive3DModels.archive_3d_models 63:Trying to copy: ${DW_LIBRARIES}/3D_Connectors/USB1035-GF-P-0-B-B.stp
07-06 10:58:51 com_github_MitjaNemec_Archive3DModels.archive_3d_models 150:Remapping: ${DW_LIBRARIES}/3D_Connectors/USB1035-GF-P-0-B-B.stp
07-06 10:58:51 com_github_MitjaNemec_Archive3DModels.archive_3d_models 51:Getting 3D models for footprint of: D3
07-06 10:58:51 com_github_MitjaNemec_Archive3DModels.archive_3d_models 63:Trying to copy: ${DW_LIBRARIES}/3D_CircuitProtection/SMF26CA.stp
07-06 10:58:51 com_github_MitjaNemec_Archive3DModels.archive_3d_models 150:Remapping: ${DW_LIBRARIES}/3D_CircuitProtection/SMF26CA.stp
07-06 10:58:51 com_github_MitjaNemec_Archive3DModels.archive_3d_models 51:Getting 3D models for footprint of: H3
07-06 10:58:51 com_github_MitjaNemec_Archive3DModels.archive_3d_models 51:Getting 3D models for footprint of: U5
07-06 10:58:51 com_github_MitjaNemec_Archive3DModels.archive_3d_models 63:Trying to copy: ${DW_LIBRARIES}/3D_Semiconductors/TPS2561DRCR.stp
07-06 10:58:51 com_github_MitjaNemec_Archive3DModels.archive_3d_models 150:Remapping: ${DW_LIBRARIES}/3D_Semiconductors/TPS2561DRCR.stp
07-06 10:58:51 com_github_MitjaNemec_Archive3DModels.archive_3d_models 51:Getting 3D models for footprint of: C39
07-06 10:58:51 com_github_MitjaNemec_Archive3DModels.archive_3d_models 63:Trying to copy: ${KICAD9_3DMODEL_DIR}/Capacitor_SMD.3dshapes/C_0402_1005Metric.wrl
07-06 10:58:51 com_github_MitjaNemec_Archive3DModels.archive_3d_models 150:Remapping: ${KICAD9_3DMODEL_DIR}/Capacitor_SMD.3dshapes/C_0402_1005Metric.wrl
07-06 10:58:51 com_github_MitjaNemec_Archive3DModels.archive_3d_models 51:Getting 3D models for footprint of: R21
07-06 10:58:51 com_github_MitjaNemec_Archive3DModels.archive_3d_models 63:Trying to copy: ${KICAD9_3DMODEL_DIR}/Resistor_SMD.3dshapes/R_0402_1005Metric.wrl
07-06 10:58:52 com_github_MitjaNemec_Archive3DModels.archive_3d_models 150:Remapping: ${KICAD9_3DMODEL_DIR}/Resistor_SMD.3dshapes/R_0402_1005Metric.wrl
07-06 10:58:52 com_github_MitjaNemec_Archive3DModels.archive_3d_models 51:Getting 3D models for footprint of: U12
07-06 10:58:52 com_github_MitjaNemec_Archive3DModels.archive_3d_models 63:Trying to copy: ${DW_LIBRARIES}/3D_Semiconductors/USBLC6-2P6.stp
07-06 10:58:52 com_github_MitjaNemec_Archive3DModels.archive_3d_models 150:Remapping: ${DW_LIBRARIES}/3D_Semiconductors/USBLC6-2P6.stp
07-06 10:58:52 com_github_MitjaNemec_Archive3DModels.archive_3d_models 51:Getting 3D models for footprint of: R8
07-06 10:58:52 com_github_MitjaNemec_Archive3DModels.archive_3d_models 63:Trying to copy: ${KICAD9_3DMODEL_DIR}/Resistor_SMD.3dshapes/R_0402_1005Metric.wrl
07-06 10:58:52 com_github_MitjaNemec_Archive3DModels.archive_3d_models 150:Remapping: ${KICAD9_3DMODEL_DIR}/Resistor_SMD.3dshapes/R_0402_1005Metric.wrl
07-06 10:58:52 com_github_MitjaNemec_Archive3DModels.archive_3d_models 51:Getting 3D models for footprint of: C29
07-06 10:58:52 com_github_MitjaNemec_Archive3DModels.archive_3d_models 63:Trying to copy: ${KICAD9_3DMODEL_DIR}/Capacitor_SMD.3dshapes/C_0805_2012Metric.wrl
07-06 10:58:52 com_github_MitjaNemec_Archive3DModels.archive_3d_models 150:Remapping: ${KICAD9_3DMODEL_DIR}/Capacitor_SMD.3dshapes/C_0805_2012Metric.wrl
07-06 10:58:52 com_github_MitjaNemec_Archive3DModels.archive_3d_models 51:Getting 3D models for footprint of: R12
07-06 10:58:52 com_github_MitjaNemec_Archive3DModels.archive_3d_models 63:Trying to copy: ${KICAD9_3DMODEL_DIR}/Resistor_SMD.3dshapes/R_0402_1005Metric.wrl
07-06 10:58:52 com_github_MitjaNemec_Archive3DModels.archive_3d_models 150:Remapping: ${KICAD9_3DMODEL_DIR}/Resistor_SMD.3dshapes/R_0402_1005Metric.wrl
07-06 10:58:52 com_github_MitjaNemec_Archive3DModels.archive_3d_models 51:Getting 3D models for footprint of: R19
07-06 10:58:52 com_github_MitjaNemec_Archive3DModels.archive_3d_models 63:Trying to copy: ${KICAD9_3DMODEL_DIR}/Resistor_SMD.3dshapes/R_0402_1005Metric.wrl
07-06 10:58:52 com_github_MitjaNemec_Archive3DModels.archive_3d_models 150:Remapping: ${KICAD9_3DMODEL_DIR}/Resistor_SMD.3dshapes/R_0402_1005Metric.wrl
07-06 10:58:52 com_github_MitjaNemec_Archive3DModels.archive_3d_models 51:Getting 3D models for footprint of: R24
07-06 10:58:52 com_github_MitjaNemec_Archive3DModels.archive_3d_models 63:Trying to copy: ${KICAD9_3DMODEL_DIR}/Resistor_SMD.3dshapes/R_0402_1005Metric.wrl
07-06 10:58:52 com_github_MitjaNemec_Archive3DModels.archive_3d_models 150:Remapping: ${KICAD9_3DMODEL_DIR}/Resistor_SMD.3dshapes/R_0402_1005Metric.wrl
07-06 10:58:52 com_github_MitjaNemec_Archive3DModels.archive_3d_models 51:Getting 3D models for footprint of: J2
07-06 10:58:52 com_github_MitjaNemec_Archive3DModels.archive_3d_models 63:Trying to copy: ${DW_LIBRARIES}/3D_Connectors/B2B-XH-A_LF__SN_.step
07-06 10:58:52 com_github_MitjaNemec_Archive3DModels.archive_3d_models 150:Remapping: ${DW_LIBRARIES}/3D_Connectors/B2B-XH-A_LF__SN_.step
07-06 10:58:52 com_github_MitjaNemec_Archive3DModels.archive_3d_models 51:Getting 3D models for footprint of: C28
07-06 10:58:52 com_github_MitjaNemec_Archive3DModels.archive_3d_models 63:Trying to copy: ${KICAD9_3DMODEL_DIR}/Capacitor_SMD.3dshapes/C_0402_1005Metric.wrl
07-06 10:58:52 com_github_MitjaNemec_Archive3DModels.archive_3d_models 150:Remapping: ${KICAD9_3DMODEL_DIR}/Capacitor_SMD.3dshapes/C_0402_1005Metric.wrl
07-06 10:58:52 com_github_MitjaNemec_Archive3DModels.archive_3d_models 51:Getting 3D models for footprint of: R33
07-06 10:58:52 com_github_MitjaNemec_Archive3DModels.archive_3d_models 63:Trying to copy: ${KICAD9_3DMODEL_DIR}/Resistor_SMD.3dshapes/R_0402_1005Metric.wrl
07-06 10:58:52 com_github_MitjaNemec_Archive3DModels.archive_3d_models 150:Remapping: ${KICAD9_3DMODEL_DIR}/Resistor_SMD.3dshapes/R_0402_1005Metric.wrl
07-06 10:58:52 com_github_MitjaNemec_Archive3DModels.archive_3d_models 51:Getting 3D models for footprint of: C2
07-06 10:58:52 com_github_MitjaNemec_Archive3DModels.archive_3d_models 63:Trying to copy: ${DW_LIBRARIES}/3D_Passives/T521X336M050ATE050.stp
07-06 10:58:52 com_github_MitjaNemec_Archive3DModels.archive_3d_models 150:Remapping: ${DW_LIBRARIES}/3D_Passives/T521X336M050ATE050.stp
07-06 10:58:52 com_github_MitjaNemec_Archive3DModels.archive_3d_models 51:Getting 3D models for footprint of: Q1
07-06 10:58:52 com_github_MitjaNemec_Archive3DModels.archive_3d_models 63:Trying to copy: ${DW_LIBRARIES}/3D_Semiconductors/BUK6D120-60PX.stp
07-06 10:58:52 com_github_MitjaNemec_Archive3DModels.archive_3d_models 150:Remapping: ${DW_LIBRARIES}/3D_Semiconductors/BUK6D120-60PX.stp
07-06 10:58:52 com_github_MitjaNemec_Archive3DModels.archive_3d_models 51:Getting 3D models for footprint of: P2
07-06 10:58:52 com_github_MitjaNemec_Archive3DModels.archive_3d_models 51:Getting 3D models for footprint of: U8
07-06 10:58:52 com_github_MitjaNemec_Archive3DModels.archive_3d_models 63:Trying to copy: ${DW_LIBRARIES}/3D_Semiconductors/USBLC6-2P6.stp
07-06 10:58:52 com_github_MitjaNemec_Archive3DModels.archive_3d_models 150:Remapping: ${DW_LIBRARIES}/3D_Semiconductors/USBLC6-2P6.stp
07-06 10:58:52 com_github_MitjaNemec_Archive3DModels.archive_3d_models 51:Getting 3D models for footprint of: C8
07-06 10:58:52 com_github_MitjaNemec_Archive3DModels.archive_3d_models 63:Trying to copy: ${KICAD9_3DMODEL_DIR}/Capacitor_SMD.3dshapes/C_0402_1005Metric.wrl
07-06 10:58:52 com_github_MitjaNemec_Archive3DModels.archive_3d_models 150:Remapping: ${KICAD9_3DMODEL_DIR}/Capacitor_SMD.3dshapes/C_0402_1005Metric.wrl
07-06 10:58:52 com_github_MitjaNemec_Archive3DModels.archive_3d_models 51:Getting 3D models for footprint of: R28
07-06 10:58:52 com_github_MitjaNemec_Archive3DModels.archive_3d_models 63:Trying to copy: ${KICAD9_3DMODEL_DIR}/Resistor_SMD.3dshapes/R_0402_1005Metric.wrl
07-06 10:58:52 com_github_MitjaNemec_Archive3DModels.archive_3d_models 150:Remapping: ${KICAD9_3DMODEL_DIR}/Resistor_SMD.3dshapes/R_0402_1005Metric.wrl
07-06 10:58:52 com_github_MitjaNemec_Archive3DModels.archive_3d_models 51:Getting 3D models for footprint of: J1
07-06 10:58:52 com_github_MitjaNemec_Archive3DModels.archive_3d_models 63:Trying to copy: ${DW_LIBRARIES}/3D_Connectors/S2B-XH-A-1.STEP
07-06 10:58:52 com_github_MitjaNemec_Archive3DModels.archive_3d_models 150:Remapping: ${DW_LIBRARIES}/3D_Connectors/S2B-XH-A-1.STEP
07-06 10:58:52 com_github_MitjaNemec_Archive3DModels.archive_3d_models 51:Getting 3D models for footprint of: C30
07-06 10:58:52 com_github_MitjaNemec_Archive3DModels.archive_3d_models 63:Trying to copy: ${KICAD9_3DMODEL_DIR}/Capacitor_SMD.3dshapes/C_0402_1005Metric.wrl
07-06 10:58:52 com_github_MitjaNemec_Archive3DModels.archive_3d_models 150:Remapping: ${KICAD9_3DMODEL_DIR}/Capacitor_SMD.3dshapes/C_0402_1005Metric.wrl
07-06 10:58:52 com_github_MitjaNemec_Archive3DModels.archive_3d_models 51:Getting 3D models for footprint of: R13
07-06 10:58:52 com_github_MitjaNemec_Archive3DModels.archive_3d_models 63:Trying to copy: ${KICAD9_3DMODEL_DIR}/Resistor_SMD.3dshapes/R_0402_1005Metric.wrl
07-06 10:58:52 com_github_MitjaNemec_Archive3DModels.archive_3d_models 150:Remapping: ${KICAD9_3DMODEL_DIR}/Resistor_SMD.3dshapes/R_0402_1005Metric.wrl
07-06 10:58:52 com_github_MitjaNemec_Archive3DModels.archive_3d_models 51:Getting 3D models for footprint of: C42
07-06 10:58:52 com_github_MitjaNemec_Archive3DModels.archive_3d_models 63:Trying to copy: ${KICAD9_3DMODEL_DIR}/Capacitor_SMD.3dshapes/C_0402_1005Metric.wrl
07-06 10:58:52 com_github_MitjaNemec_Archive3DModels.archive_3d_models 150:Remapping: ${KICAD9_3DMODEL_DIR}/Capacitor_SMD.3dshapes/C_0402_1005Metric.wrl
07-06 10:58:52 com_github_MitjaNemec_Archive3DModels.archive_3d_models 51:Getting 3D models for footprint of: C17
07-06 10:58:52 com_github_MitjaNemec_Archive3DModels.archive_3d_models 63:Trying to copy: ${KICAD9_3DMODEL_DIR}/Capacitor_SMD.3dshapes/C_0402_1005Metric.wrl
07-06 10:58:52 com_github_MitjaNemec_Archive3DModels.archive_3d_models 150:Remapping: ${KICAD9_3DMODEL_DIR}/Capacitor_SMD.3dshapes/C_0402_1005Metric.wrl
07-06 10:58:52 com_github_MitjaNemec_Archive3DModels.archive_3d_models 51:Getting 3D models for footprint of: C48
07-06 10:58:52 com_github_MitjaNemec_Archive3DModels.archive_3d_models 63:Trying to copy: ${KICAD9_3DMODEL_DIR}/Capacitor_SMD.3dshapes/C_0402_1005Metric.wrl
07-06 10:58:53 com_github_MitjaNemec_Archive3DModels.archive_3d_models 150:Remapping: ${KICAD9_3DMODEL_DIR}/Capacitor_SMD.3dshapes/C_0402_1005Metric.wrl
07-06 10:58:53 com_github_MitjaNemec_Archive3DModels.archive_3d_models 51:Getting 3D models for footprint of: R17
07-06 10:58:53 com_github_MitjaNemec_Archive3DModels.archive_3d_models 63:Trying to copy: ${KICAD9_3DMODEL_DIR}/Resistor_SMD.3dshapes/R_0402_1005Metric.wrl
07-06 10:58:53 com_github_MitjaNemec_Archive3DModels.archive_3d_models 150:Remapping: ${KICAD9_3DMODEL_DIR}/Resistor_SMD.3dshapes/R_0402_1005Metric.wrl
07-06 10:58:53 com_github_MitjaNemec_Archive3DModels.archive_3d_models 51:Getting 3D models for footprint of: FID2
07-06 10:58:53 com_github_MitjaNemec_Archive3DModels.archive_3d_models 51:Getting 3D models for footprint of: R29
07-06 10:58:53 com_github_MitjaNemec_Archive3DModels.archive_3d_models 63:Trying to copy: ${KICAD9_3DMODEL_DIR}/Resistor_SMD.3dshapes/R_0402_1005Metric.wrl
07-06 10:58:53 com_github_MitjaNemec_Archive3DModels.archive_3d_models 150:Remapping: ${KICAD9_3DMODEL_DIR}/Resistor_SMD.3dshapes/R_0402_1005Metric.wrl
07-06 10:58:53 com_github_MitjaNemec_Archive3DModels.archive_3d_models 51:Getting 3D models for footprint of: R4
07-06 10:58:53 com_github_MitjaNemec_Archive3DModels.archive_3d_models 63:Trying to copy: ${KICAD9_3DMODEL_DIR}/Resistor_SMD.3dshapes/R_0402_1005Metric.wrl
07-06 10:58:53 com_github_MitjaNemec_Archive3DModels.archive_3d_models 150:Remapping: ${KICAD9_3DMODEL_DIR}/Resistor_SMD.3dshapes/R_0402_1005Metric.wrl
07-06 10:58:53 com_github_MitjaNemec_Archive3DModels.archive_3d_models 51:Getting 3D models for footprint of: C16
07-06 10:58:53 com_github_MitjaNemec_Archive3DModels.archive_3d_models 63:Trying to copy: ${KICAD9_3DMODEL_DIR}/Capacitor_SMD.3dshapes/C_0603_1608Metric.wrl
07-06 10:58:53 com_github_MitjaNemec_Archive3DModels.archive_3d_models 150:Remapping: ${KICAD9_3DMODEL_DIR}/Capacitor_SMD.3dshapes/C_0603_1608Metric.wrl
07-06 10:58:53 com_github_MitjaNemec_Archive3DModels.archive_3d_models 51:Getting 3D models for footprint of: R32
07-06 10:58:53 com_github_MitjaNemec_Archive3DModels.archive_3d_models 63:Trying to copy: ${KICAD9_3DMODEL_DIR}/Resistor_SMD.3dshapes/R_0402_1005Metric.wrl
07-06 10:58:53 com_github_MitjaNemec_Archive3DModels.archive_3d_models 150:Remapping: ${KICAD9_3DMODEL_DIR}/Resistor_SMD.3dshapes/R_0402_1005Metric.wrl
07-06 10:58:53 com_github_MitjaNemec_Archive3DModels.archive_3d_models 51:Getting 3D models for footprint of: R23
07-06 10:58:53 com_github_MitjaNemec_Archive3DModels.archive_3d_models 63:Trying to copy: ${KICAD9_3DMODEL_DIR}/Resistor_SMD.3dshapes/R_0402_1005Metric.wrl
07-06 10:58:53 com_github_MitjaNemec_Archive3DModels.archive_3d_models 150:Remapping: ${KICAD9_3DMODEL_DIR}/Resistor_SMD.3dshapes/R_0402_1005Metric.wrl
07-06 10:58:53 com_github_MitjaNemec_Archive3DModels.archive_3d_models 51:Getting 3D models for footprint of: C50
07-06 10:58:53 com_github_MitjaNemec_Archive3DModels.archive_3d_models 63:Trying to copy: ${KICAD9_3DMODEL_DIR}/Capacitor_SMD.3dshapes/C_0402_1005Metric.wrl
07-06 10:58:53 com_github_MitjaNemec_Archive3DModels.archive_3d_models 150:Remapping: ${KICAD9_3DMODEL_DIR}/Capacitor_SMD.3dshapes/C_0402_1005Metric.wrl
07-06 10:58:53 com_github_MitjaNemec_Archive3DModels.archive_3d_models 51:Getting 3D models for footprint of: C52
07-06 10:58:53 com_github_MitjaNemec_Archive3DModels.archive_3d_models 63:Trying to copy: ${KICAD9_3DMODEL_DIR}/Capacitor_SMD.3dshapes/C_0402_1005Metric.wrl
07-06 10:58:53 com_github_MitjaNemec_Archive3DModels.archive_3d_models 150:Remapping: ${KICAD9_3DMODEL_DIR}/Capacitor_SMD.3dshapes/C_0402_1005Metric.wrl
07-06 10:58:53 com_github_MitjaNemec_Archive3DModels.archive_3d_models 51:Getting 3D models for footprint of: Y1
07-06 10:58:53 com_github_MitjaNemec_Archive3DModels.archive_3d_models 63:Trying to copy: ${DW_LIBRARIES}/3D_Semiconductors/ECS-2520MV-240-BL-TR.stp
07-06 10:58:53 com_github_MitjaNemec_Archive3DModels.archive_3d_models 150:Remapping: ${DW_LIBRARIES}/3D_Semiconductors/ECS-2520MV-240-BL-TR.stp
07-06 10:58:53 com_github_MitjaNemec_Archive3DModels.archive_3d_models 51:Getting 3D models for footprint of: C1
07-06 10:58:53 com_github_MitjaNemec_Archive3DModels.archive_3d_models 63:Trying to copy: ${DW_LIBRARIES}/3D_Passives/T521X336M050ATE050.stp
07-06 10:58:53 com_github_MitjaNemec_Archive3DModels.archive_3d_models 150:Remapping: ${DW_LIBRARIES}/3D_Passives/T521X336M050ATE050.stp
07-06 10:58:53 com_github_MitjaNemec_Archive3DModels.archive_3d_models 51:Getting 3D models for footprint of: C41
07-06 10:58:53 com_github_MitjaNemec_Archive3DModels.archive_3d_models 63:Trying to copy: ${DW_LIBRARIES}/3D_Passives/TCJB157M006R0070.stp
07-06 10:58:53 com_github_MitjaNemec_Archive3DModels.archive_3d_models 150:Remapping: ${DW_LIBRARIES}/3D_Passives/TCJB157M006R0070.stp
07-06 10:58:53 com_github_MitjaNemec_Archive3DModels.archive_3d_models 51:Getting 3D models for footprint of: L2
07-06 10:58:53 com_github_MitjaNemec_Archive3DModels.archive_3d_models 63:Trying to copy: ${DW_LIBRARIES}/3D_Passives/Coilcraft-XGL4025.STEP
07-06 10:58:53 com_github_MitjaNemec_Archive3DModels.archive_3d_models 150:Remapping: ${DW_LIBRARIES}/3D_Passives/Coilcraft-XGL4025.STEP
07-06 10:58:53 com_github_MitjaNemec_Archive3DModels.archive_3d_models 51:Getting 3D models for footprint of: C37
07-06 10:58:53 com_github_MitjaNemec_Archive3DModels.archive_3d_models 63:Trying to copy: ${KICAD9_3DMODEL_DIR}/Capacitor_SMD.3dshapes/C_0402_1005Metric.wrl
07-06 10:58:53 com_github_MitjaNemec_Archive3DModels.archive_3d_models 150:Remapping: ${KICAD9_3DMODEL_DIR}/Capacitor_SMD.3dshapes/C_0402_1005Metric.wrl
07-06 10:58:53 com_github_MitjaNemec_Archive3DModels.archive_3d_models 51:Getting 3D models for footprint of: U1
07-06 10:58:53 com_github_MitjaNemec_Archive3DModels.archive_3d_models 63:Trying to copy: ${DW_LIBRARIES}/3D_Semiconductors/RYF0022A.stp
07-06 10:58:53 com_github_MitjaNemec_Archive3DModels.archive_3d_models 150:Remapping: ${DW_LIBRARIES}/3D_Semiconductors/RYF0022A.stp
07-06 10:58:53 com_github_MitjaNemec_Archive3DModels.archive_3d_models 51:Getting 3D models for footprint of: FB3
07-06 10:58:53 com_github_MitjaNemec_Archive3DModels.archive_3d_models 63:Trying to copy: ${DW_LIBRARIES}/3D_Passives/BLM18KG221SN1D.stp
07-06 10:58:53 com_github_MitjaNemec_Archive3DModels.archive_3d_models 150:Remapping: ${DW_LIBRARIES}/3D_Passives/BLM18KG221SN1D.stp
07-06 10:58:53 com_github_MitjaNemec_Archive3DModels.archive_3d_models 51:Getting 3D models for footprint of: C4
07-06 10:58:53 com_github_MitjaNemec_Archive3DModels.archive_3d_models 63:Trying to copy: ${KICAD9_3DMODEL_DIR}/Capacitor_SMD.3dshapes/C_1210_3225Metric.wrl
07-06 10:58:53 com_github_MitjaNemec_Archive3DModels.archive_3d_models 150:Remapping: ${KICAD9_3DMODEL_DIR}/Capacitor_SMD.3dshapes/C_1210_3225Metric.wrl
07-06 10:58:53 com_github_MitjaNemec_Archive3DModels.archive_3d_models 51:Getting 3D models for footprint of: M1
07-06 10:58:53 com_github_MitjaNemec_Archive3DModels.archive_3d_models 63:Trying to copy: ${DW_LIBRARIES}/3D_Mechanical/Same_Sky_CFM-2510B-070-140.step
07-06 10:58:53 com_github_MitjaNemec_Archive3DModels.archive_3d_models 150:Remapping: ${DW_LIBRARIES}/3D_Mechanical/Same_Sky_CFM-2510B-070-140.step
07-06 10:58:53 com_github_MitjaNemec_Archive3DModels.archive_3d_models 51:Getting 3D models for footprint of: R20
07-06 10:58:53 com_github_MitjaNemec_Archive3DModels.archive_3d_models 63:Trying to copy: ${KICAD9_3DMODEL_DIR}/Resistor_SMD.3dshapes/R_0402_1005Metric.wrl
07-06 10:58:53 com_github_MitjaNemec_Archive3DModels.archive_3d_models 150:Remapping: ${KICAD9_3DMODEL_DIR}/Resistor_SMD.3dshapes/R_0402_1005Metric.wrl
07-06 10:58:53 com_github_MitjaNemec_Archive3DModels.archive_3d_models 51:Getting 3D models for footprint of: G1
07-06 10:58:53 com_github_MitjaNemec_Archive3DModels.archive_3d_models 51:Getting 3D models for footprint of: C51
07-06 10:58:53 com_github_MitjaNemec_Archive3DModels.archive_3d_models 63:Trying to copy: ${KICAD9_3DMODEL_DIR}/Capacitor_SMD.3dshapes/C_0402_1005Metric.wrl
07-06 10:58:54 com_github_MitjaNemec_Archive3DModels.archive_3d_models 150:Remapping: ${KICAD9_3DMODEL_DIR}/Capacitor_SMD.3dshapes/C_0402_1005Metric.wrl
07-06 10:58:54 com_github_MitjaNemec_Archive3DModels.archive_3d_models 51:Getting 3D models for footprint of: R30
07-06 10:58:54 com_github_MitjaNemec_Archive3DModels.archive_3d_models 63:Trying to copy: ${KICAD9_3DMODEL_DIR}/Resistor_SMD.3dshapes/R_0402_1005Metric.wrl
07-06 10:58:54 com_github_MitjaNemec_Archive3DModels.archive_3d_models 150:Remapping: ${KICAD9_3DMODEL_DIR}/Resistor_SMD.3dshapes/R_0402_1005Metric.wrl
07-06 10:58:54 com_github_MitjaNemec_Archive3DModels.archive_3d_models 51:Getting 3D models for footprint of: D2
07-06 10:58:54 com_github_MitjaNemec_Archive3DModels.archive_3d_models 63:Trying to copy: ${DW_LIBRARIES}/3D_Optoelectronics/150040GS73220.stp
07-06 10:58:54 com_github_MitjaNemec_Archive3DModels.archive_3d_models 150:Remapping: ${DW_LIBRARIES}/3D_Optoelectronics/150040GS73220.stp
07-06 10:58:54 com_github_MitjaNemec_Archive3DModels.archive_3d_models 51:Getting 3D models for footprint of: P1
07-06 10:58:54 com_github_MitjaNemec_Archive3DModels.archive_3d_models 51:Getting 3D models for footprint of: R22
07-06 10:58:54 com_github_MitjaNemec_Archive3DModels.archive_3d_models 63:Trying to copy: ${KICAD9_3DMODEL_DIR}/Resistor_SMD.3dshapes/R_0402_1005Metric.wrl
07-06 10:58:54 com_github_MitjaNemec_Archive3DModels.archive_3d_models 150:Remapping: ${KICAD9_3DMODEL_DIR}/Resistor_SMD.3dshapes/R_0402_1005Metric.wrl
07-06 10:58:54 com_github_MitjaNemec_Archive3DModels.archive_3d_models 51:Getting 3D models for footprint of: C21
07-06 10:58:54 com_github_MitjaNemec_Archive3DModels.archive_3d_models 63:Trying to copy: ${KICAD9_3DMODEL_DIR}/Capacitor_SMD.3dshapes/C_0805_2012Metric.wrl
07-06 10:58:54 com_github_MitjaNemec_Archive3DModels.archive_3d_models 150:Remapping: ${KICAD9_3DMODEL_DIR}/Capacitor_SMD.3dshapes/C_0805_2012Metric.wrl
07-06 10:58:54 com_github_MitjaNemec_Archive3DModels.archive_3d_models 51:Getting 3D models for footprint of: FB6
07-06 10:58:54 com_github_MitjaNemec_Archive3DModels.archive_3d_models 63:Trying to copy: ${DW_LIBRARIES}/3D_Passives/BLM18KG221SN1D.stp
07-06 10:58:54 com_github_MitjaNemec_Archive3DModels.archive_3d_models 150:Remapping: ${DW_LIBRARIES}/3D_Passives/BLM18KG221SN1D.stp
07-06 10:58:54 com_github_MitjaNemec_Archive3DModels.archive_3d_models 51:Getting 3D models for footprint of: L1
07-06 10:58:54 com_github_MitjaNemec_Archive3DModels.archive_3d_models 63:Trying to copy: ${DW_LIBRARIES}/3D_Passives/Coilcraft-LPS4040.STEP
07-06 10:58:54 com_github_MitjaNemec_Archive3DModels.archive_3d_models 150:Remapping: ${DW_LIBRARIES}/3D_Passives/Coilcraft-LPS4040.STEP
07-06 10:58:54 com_github_MitjaNemec_Archive3DModels.archive_3d_models 51:Getting 3D models for footprint of: C49
07-06 10:58:54 com_github_MitjaNemec_Archive3DModels.archive_3d_models 63:Trying to copy: ${KICAD9_3DMODEL_DIR}/Capacitor_SMD.3dshapes/C_0402_1005Metric.wrl
07-06 10:58:54 com_github_MitjaNemec_Archive3DModels.archive_3d_models 150:Remapping: ${KICAD9_3DMODEL_DIR}/Capacitor_SMD.3dshapes/C_0402_1005Metric.wrl
07-06 10:58:54 com_github_MitjaNemec_Archive3DModels.archive_3d_models 51:Getting 3D models for footprint of: R35
07-06 10:58:54 com_github_MitjaNemec_Archive3DModels.archive_3d_models 63:Trying to copy: ${KICAD9_3DMODEL_DIR}/Resistor_SMD.3dshapes/R_0402_1005Metric.wrl
07-06 10:58:54 com_github_MitjaNemec_Archive3DModels.archive_3d_models 150:Remapping: ${KICAD9_3DMODEL_DIR}/Resistor_SMD.3dshapes/R_0402_1005Metric.wrl
07-06 10:58:54 com_github_MitjaNemec_Archive3DModels.archive_3d_models 51:Getting 3D models for footprint of: C45
07-06 10:58:54 com_github_MitjaNemec_Archive3DModels.archive_3d_models 63:Trying to copy: ${KICAD9_3DMODEL_DIR}/Capacitor_SMD.3dshapes/C_0402_1005Metric.wrl
07-06 10:58:54 com_github_MitjaNemec_Archive3DModels.archive_3d_models 150:Remapping: ${KICAD9_3DMODEL_DIR}/Capacitor_SMD.3dshapes/C_0402_1005Metric.wrl
07-06 10:58:54 com_github_MitjaNemec_Archive3DModels.archive_3d_models 51:Getting 3D models for footprint of: R31
07-06 10:58:54 com_github_MitjaNemec_Archive3DModels.archive_3d_models 63:Trying to copy: ${KICAD9_3DMODEL_DIR}/Resistor_SMD.3dshapes/R_0402_1005Metric.wrl
07-06 10:58:54 com_github_MitjaNemec_Archive3DModels.archive_3d_models 150:Remapping: ${KICAD9_3DMODEL_DIR}/Resistor_SMD.3dshapes/R_0402_1005Metric.wrl
07-06 10:58:54 com_github_MitjaNemec_Archive3DModels.archive_3d_models 51:Getting 3D models for footprint of: C44
07-06 10:58:54 com_github_MitjaNemec_Archive3DModels.archive_3d_models 63:Trying to copy: ${DW_LIBRARIES}/3D_Passives/TCJB157M006R0070.stp
07-06 10:58:54 com_github_MitjaNemec_Archive3DModels.archive_3d_models 150:Remapping: ${DW_LIBRARIES}/3D_Passives/TCJB157M006R0070.stp
07-06 10:58:54 com_github_MitjaNemec_Archive3DModels.archive_3d_models 51:Getting 3D models for footprint of: H2
07-06 10:58:54 com_github_MitjaNemec_Archive3DModels.archive_3d_models 51:Getting 3D models for footprint of: C15
07-06 10:58:54 com_github_MitjaNemec_Archive3DModels.archive_3d_models 63:Trying to copy: ${KICAD9_3DMODEL_DIR}/Capacitor_SMD.3dshapes/C_0603_1608Metric.wrl
07-06 10:58:54 com_github_MitjaNemec_Archive3DModels.archive_3d_models 150:Remapping: ${KICAD9_3DMODEL_DIR}/Capacitor_SMD.3dshapes/C_0603_1608Metric.wrl
07-06 10:58:54 com_github_MitjaNemec_Archive3DModels.archive_3d_models 51:Getting 3D models for footprint of: R27
07-06 10:58:54 com_github_MitjaNemec_Archive3DModels.archive_3d_models 63:Trying to copy: ${KICAD9_3DMODEL_DIR}/Resistor_SMD.3dshapes/R_0402_1005Metric.wrl
07-06 10:58:54 com_github_MitjaNemec_Archive3DModels.archive_3d_models 150:Remapping: ${KICAD9_3DMODEL_DIR}/Resistor_SMD.3dshapes/R_0402_1005Metric.wrl
07-06 10:58:54 com_github_MitjaNemec_Archive3DModels.archive_3d_models 51:Getting 3D models for footprint of: C40
07-06 10:58:54 com_github_MitjaNemec_Archive3DModels.archive_3d_models 63:Trying to copy: ${DW_LIBRARIES}/3D_Passives/TCJB157M006R0070.stp
07-06 10:58:54 com_github_MitjaNemec_Archive3DModels.archive_3d_models 150:Remapping: ${DW_LIBRARIES}/3D_Passives/TCJB157M006R0070.stp
07-06 10:58:54 com_github_MitjaNemec_Archive3DModels.archive_3d_models 51:Getting 3D models for footprint of: FB2
07-06 10:58:54 com_github_MitjaNemec_Archive3DModels.archive_3d_models 63:Trying to copy: ${DW_LIBRARIES}/3D_Passives/BLM15PX221SZ1D.stp
07-06 10:58:54 com_github_MitjaNemec_Archive3DModels.archive_3d_models 150:Remapping: ${DW_LIBRARIES}/3D_Passives/BLM15PX221SZ1D.stp
07-06 10:58:54 com_github_MitjaNemec_Archive3DModels.archive_3d_models 51:Getting 3D models for footprint of: C7
07-06 10:58:54 com_github_MitjaNemec_Archive3DModels.archive_3d_models 63:Trying to copy: ${KICAD9_3DMODEL_DIR}/Capacitor_SMD.3dshapes/C_0603_1608Metric.wrl
07-06 10:58:54 com_github_MitjaNemec_Archive3DModels.archive_3d_models 150:Remapping: ${KICAD9_3DMODEL_DIR}/Capacitor_SMD.3dshapes/C_0603_1608Metric.wrl
07-06 10:58:54 com_github_MitjaNemec_Archive3DModels.archive_3d_models 51:Getting 3D models for footprint of: U10
07-06 10:58:54 com_github_MitjaNemec_Archive3DModels.archive_3d_models 63:Trying to copy: ${DW_LIBRARIES}/3D_Semiconductors/USBLC6-2P6.stp
07-06 10:58:54 com_github_MitjaNemec_Archive3DModels.archive_3d_models 150:Remapping: ${DW_LIBRARIES}/3D_Semiconductors/USBLC6-2P6.stp
07-06 10:58:54 com_github_MitjaNemec_Archive3DModels.archive_3d_models 51:Getting 3D models for footprint of: FB5
07-06 10:58:54 com_github_MitjaNemec_Archive3DModels.archive_3d_models 63:Trying to copy: ${DW_LIBRARIES}/3D_Passives/BLM18KG221SN1D.stp
07-06 10:58:54 com_github_MitjaNemec_Archive3DModels.archive_3d_models 150:Remapping: ${DW_LIBRARIES}/3D_Passives/BLM18KG221SN1D.stp
07-06 10:58:54 com_github_MitjaNemec_Archive3DModels.archive_3d_models 51:Getting 3D models for footprint of: C38
07-06 10:58:54 com_github_MitjaNemec_Archive3DModels.archive_3d_models 63:Trying to copy: ${KICAD9_3DMODEL_DIR}/Capacitor_SMD.3dshapes/C_0402_1005Metric.wrl
07-06 10:58:54 com_github_MitjaNemec_Archive3DModels.archive_3d_models 150:Remapping: ${KICAD9_3DMODEL_DIR}/Capacitor_SMD.3dshapes/C_0402_1005Metric.wrl
07-06 10:58:54 com_github_MitjaNemec_Archive3DModels.archive_3d_models 51:Getting 3D models for footprint of: C25
07-06 10:58:54 com_github_MitjaNemec_Archive3DModels.archive_3d_models 63:Trying to copy: ${KICAD9_3DMODEL_DIR}/Capacitor_SMD.3dshapes/C_0402_1005Metric.wrl
07-06 10:58:54 com_github_MitjaNemec_Archive3DModels.archive_3d_models 150:Remapping: ${KICAD9_3DMODEL_DIR}/Capacitor_SMD.3dshapes/C_0402_1005Metric.wrl
07-06 10:58:54 com_github_MitjaNemec_Archive3DModels.archive_3d_models 51:Getting 3D models for footprint of: C47
07-06 10:58:54 com_github_MitjaNemec_Archive3DModels.archive_3d_models 63:Trying to copy: ${KICAD9_3DMODEL_DIR}/Capacitor_SMD.3dshapes/C_0402_1005Metric.wrl
07-06 10:58:55 com_github_MitjaNemec_Archive3DModels.archive_3d_models 150:Remapping: ${KICAD9_3DMODEL_DIR}/Capacitor_SMD.3dshapes/C_0402_1005Metric.wrl
07-06 10:58:55 com_github_MitjaNemec_Archive3DModels.archive_3d_models 51:Getting 3D models for footprint of: R25
07-06 10:58:55 com_github_MitjaNemec_Archive3DModels.archive_3d_models 63:Trying to copy: ${KICAD9_3DMODEL_DIR}/Resistor_SMD.3dshapes/R_0402_1005Metric.wrl
07-06 10:58:55 com_github_MitjaNemec_Archive3DModels.archive_3d_models 150:Remapping: ${KICAD9_3DMODEL_DIR}/Resistor_SMD.3dshapes/R_0402_1005Metric.wrl
07-06 10:58:55 com_github_MitjaNemec_Archive3DModels.archive_3d_models 51:Getting 3D models for footprint of: C24
07-06 10:58:55 com_github_MitjaNemec_Archive3DModels.archive_3d_models 63:Trying to copy: ${KICAD9_3DMODEL_DIR}/Capacitor_SMD.3dshapes/C_0402_1005Metric.wrl
07-06 10:58:55 com_github_MitjaNemec_Archive3DModels.archive_3d_models 150:Remapping: ${KICAD9_3DMODEL_DIR}/Capacitor_SMD.3dshapes/C_0402_1005Metric.wrl
07-06 10:58:55 com_github_MitjaNemec_Archive3DModels.archive_3d_models 51:Getting 3D models for footprint of: FB4
07-06 10:58:55 com_github_MitjaNemec_Archive3DModels.archive_3d_models 63:Trying to copy: ${DW_LIBRARIES}/3D_Passives/BLM18KG221SN1D.stp
07-06 10:58:55 com_github_MitjaNemec_Archive3DModels.archive_3d_models 150:Remapping: ${DW_LIBRARIES}/3D_Passives/BLM18KG221SN1D.stp
07-06 10:58:55 com_github_MitjaNemec_Archive3DModels.archive_3d_models 51:Getting 3D models for footprint of: C27
07-06 10:58:55 com_github_MitjaNemec_Archive3DModels.archive_3d_models 63:Trying to copy: ${KICAD9_3DMODEL_DIR}/Capacitor_SMD.3dshapes/C_0402_1005Metric.wrl
07-06 10:58:55 com_github_MitjaNemec_Archive3DModels.archive_3d_models 150:Remapping: ${KICAD9_3DMODEL_DIR}/Capacitor_SMD.3dshapes/C_0402_1005Metric.wrl
07-06 10:58:55 com_github_MitjaNemec_Archive3DModels.archive_3d_models 51:Getting 3D models for footprint of: R26
07-06 10:58:55 com_github_MitjaNemec_Archive3DModels.archive_3d_models 63:Trying to copy: ${KICAD9_3DMODEL_DIR}/Resistor_SMD.3dshapes/R_0402_1005Metric.wrl
07-06 10:58:55 com_github_MitjaNemec_Archive3DModels.archive_3d_models 150:Remapping: ${KICAD9_3DMODEL_DIR}/Resistor_SMD.3dshapes/R_0402_1005Metric.wrl
07-06 10:58:55 com_github_MitjaNemec_Archive3DModels.archive_3d_models 51:Getting 3D models for footprint of: C13
07-06 10:58:55 com_github_MitjaNemec_Archive3DModels.archive_3d_models 63:Trying to copy: ${KICAD9_3DMODEL_DIR}/Capacitor_SMD.3dshapes/C_0603_1608Metric.wrl
07-06 10:58:55 com_github_MitjaNemec_Archive3DModels.archive_3d_models 150:Remapping: ${KICAD9_3DMODEL_DIR}/Capacitor_SMD.3dshapes/C_0603_1608Metric.wrl
07-06 10:58:55 com_github_MitjaNemec_Archive3DModels.archive_3d_models 51:Getting 3D models for footprint of: FID1
07-06 10:58:55 com_github_MitjaNemec_Archive3DModels.archive_3d_models 51:Getting 3D models for footprint of: D4
07-06 10:58:55 com_github_MitjaNemec_Archive3DModels.archive_3d_models 63:Trying to copy: ${DW_LIBRARIES}/3D_Optoelectronics/150040RS73240.stp
07-06 10:58:55 com_github_MitjaNemec_Archive3DModels.archive_3d_models 150:Remapping: ${DW_LIBRARIES}/3D_Optoelectronics/150040RS73240.stp
07-06 10:58:55 com_github_MitjaNemec_Archive3DModels.archive_3d_models 51:Getting 3D models for footprint of: R34
07-06 10:58:55 com_github_MitjaNemec_Archive3DModels.archive_3d_models 63:Trying to copy: ${KICAD9_3DMODEL_DIR}/Resistor_SMD.3dshapes/R_0402_1005Metric.wrl
07-06 10:58:55 com_github_MitjaNemec_Archive3DModels.archive_3d_models 150:Remapping: ${KICAD9_3DMODEL_DIR}/Resistor_SMD.3dshapes/R_0402_1005Metric.wrl
07-06 10:58:55 com_github_MitjaNemec_Archive3DModels.archive_3d_models 51:Getting 3D models for footprint of: U4
07-06 10:58:55 com_github_MitjaNemec_Archive3DModels.archive_3d_models 63:Trying to copy: ${DW_LIBRARIES}/3D_Semiconductors/TUSB4041IPAPR.stp
07-06 10:58:55 com_github_MitjaNemec_Archive3DModels.archive_3d_models 150:Remapping: ${DW_LIBRARIES}/3D_Semiconductors/TUSB4041IPAPR.stp
07-06 10:58:55 com_github_MitjaNemec_Archive3DModels.archive_3d_models 51:Getting 3D models for footprint of: FID3
07-06 10:58:55 com_github_MitjaNemec_Archive3DModels.archive_3d_models 51:Getting 3D models for footprint of: C22
07-06 10:58:55 com_github_MitjaNemec_Archive3DModels.archive_3d_models 63:Trying to copy: ${KICAD9_3DMODEL_DIR}/Capacitor_SMD.3dshapes/C_0402_1005Metric.wrl
07-06 10:58:55 com_github_MitjaNemec_Archive3DModels.archive_3d_models 150:Remapping: ${KICAD9_3DMODEL_DIR}/Capacitor_SMD.3dshapes/C_0402_1005Metric.wrl
07-06 10:58:55 com_github_MitjaNemec_Archive3DModels.archive_3d_models 51:Getting 3D models for footprint of: C43
07-06 10:58:55 com_github_MitjaNemec_Archive3DModels.archive_3d_models 63:Trying to copy: ${KICAD9_3DMODEL_DIR}/Capacitor_SMD.3dshapes/C_0402_1005Metric.wrl
07-06 10:58:55 com_github_MitjaNemec_Archive3DModels.archive_3d_models 150:Remapping: ${KICAD9_3DMODEL_DIR}/Capacitor_SMD.3dshapes/C_0402_1005Metric.wrl
07-06 10:58:55 com_github_MitjaNemec_Archive3DModels.archive_3d_models 51:Getting 3D models for footprint of: C35
07-06 10:58:55 com_github_MitjaNemec_Archive3DModels.archive_3d_models 63:Trying to copy: ${KICAD9_3DMODEL_DIR}/Capacitor_SMD.3dshapes/C_0402_1005Metric.wrl
07-06 10:58:55 com_github_MitjaNemec_Archive3DModels.archive_3d_models 150:Remapping: ${KICAD9_3DMODEL_DIR}/Capacitor_SMD.3dshapes/C_0402_1005Metric.wrl
07-06 10:58:55 com_github_MitjaNemec_Archive3DModels.archive_3d_models 51:Getting 3D models for footprint of: R5
07-06 10:58:55 com_github_MitjaNemec_Archive3DModels.archive_3d_models 63:Trying to copy: ${KICAD9_3DMODEL_DIR}/Resistor_SMD.3dshapes/R_0402_1005Metric.wrl
07-06 10:58:55 com_github_MitjaNemec_Archive3DModels.archive_3d_models 150:Remapping: ${KICAD9_3DMODEL_DIR}/Resistor_SMD.3dshapes/R_0402_1005Metric.wrl
07-06 10:58:55 com_github_MitjaNemec_Archive3DModels.archive_3d_models 51:Getting 3D models for footprint of: G2
07-06 10:58:55 com_github_MitjaNemec_Archive3DModels.archive_3d_models 51:Getting 3D models for footprint of: J3
07-06 10:58:55 com_github_MitjaNemec_Archive3DModels.archive_3d_models 63:Trying to copy: ${DW_LIBRARIES}/3D_Connectors/ESW-120-33-G-D.step
07-06 10:58:55 com_github_MitjaNemec_Archive3DModels.archive_3d_models 150:Remapping: ${DW_LIBRARIES}/3D_Connectors/ESW-120-33-G-D.step
